# JRE version: OpenJDK Runtime Environment Temurin-21.0.7+6 (21.0.7+6) (build 21.0.7+6-LTS)
# Java VM: OpenJDK 64-Bit Server VM Temurin-21.0.7+6 (21.0.7+6-LTS, mixed mode, sharing, tiered, compressed oops, compressed class ptrs, parallel gc, windows-amd64)
GC Precious Log:
 CardTable entry size: 512
 CPUs: 8 total, 8 available
 Memory: 16321M
 Large Page Support: Disabled
 NUMA Support: Disabled
 Compressed Oops: Enabled (32-bit)
 Alignments: Space 512K, Generation 512K, Heap 2M
 Heap Min Capacity: 100M
 Heap Initial Capacity: 100M
 Heap Max Capacity: 1G
 Pre-touch: Disabled
 Parallel Workers: 8
Heap:
 PSYoungGen      total 21504K, used 19968K [0x00000000eab00000, 0x00000000ec280000, 0x0000000100000000)
  eden space 19968K, 100% used [0x00000000eab00000,0x00000000ebe80000,0x00000000ebe80000)
  from space 1536K, 0% used [0x00000000ebe80000,0x00000000ebe80000,0x00000000ec000000)
  to   space 2048K, 0% used [0x00000000ec080000,0x00000000ec080000,0x00000000ec280000)
 ParOldGen       total 68608K, used 23648K [0x00000000c0000000, 0x00000000c4300000, 0x00000000eab00000)
  object space 68608K, 34% used [0x00000000c0000000,0x00000000c1718398,0x00000000c4300000)
 Metaspace       used 36366K, committed 37440K, reserved 1114112K
  class space    used 3687K, committed 4160K, reserved 1048576K
GC Heap History (20 events):
Event: 16.553 GC heap before
{Heap before GC invocations=8 (full 0):
 PSYoungGen      total 25600K, used 17537K [0x00000000eab00000, 0x00000000ecc80000, 0x0000000100000000)
  eden space 19968K, 61% used [0x00000000eab00000,0x00000000eb70dd70,0x00000000ebe80000)
  from space 5632K, 92% used [0x00000000ebe80000,0x00000000ec392930,0x00000000ec400000)
  to   space 7168K, 0% used [0x00000000ec580000,0x00000000ec580000,0x00000000ecc80000)
 ParOldGen       total 68608K, used 13534K [0x00000000c0000000, 0x00000000c4300000, 0x00000000eab00000)
  object space 68608K, 19% used [0x00000000c0000000,0x00000000c0d37b68,0x00000000c4300000)
 Metaspace       used 20744K, committed 21504K, reserved 1114112K
  class space    used 2113K, committed 2496K, reserved 1048576K
}
Event: 16.557 GC heap after
{Heap after GC invocations=8 (full 0):
 PSYoungGen      total 24576K, used 4386K [0x00000000eab00000, 0x00000000eca00000, 0x0000000100000000)
  eden space 19968K, 0% used [0x00000000eab00000,0x00000000eab00000,0x00000000ebe80000)
  from space 4608K, 95% used [0x00000000ec580000,0x00000000ec9c8930,0x00000000eca00000)
  to   space 5120K, 0% used [0x00000000ec000000,0x00000000ec000000,0x00000000ec500000)
 ParOldGen       total 68608K, used 14047K [0x00000000c0000000, 0x00000000c4300000, 0x00000000eab00000)
  object space 68608K, 20% used [0x00000000c0000000,0x00000000c0db7c08,0x00000000c4300000)
 Metaspace       used 20744K, committed 21504K, reserved 1114112K
  class space    used 2113K, committed 2496K, reserved 1048576K
}
Event: 16.557 GC heap before
{Heap before GC invocations=9 (full 1):
 PSYoungGen      total 24576K, used 4386K [0x00000000eab00000, 0x00000000eca00000, 0x0000000100000000)
  eden space 19968K, 0% used [0x00000000eab00000,0x00000000eab00000,0x00000000ebe80000)
  from space 4608K, 95% used [0x00000000ec580000,0x00000000ec9c8930,0x00000000eca00000)
  to   space 5120K, 0% used [0x00000000ec000000,0x00000000ec000000,0x00000000ec500000)
 ParOldGen       total 68608K, used 14047K [0x00000000c0000000, 0x00000000c4300000, 0x00000000eab00000)
  object space 68608K, 20% used [0x00000000c0000000,0x00000000c0db7c08,0x00000000c4300000)
 Metaspace       used 20744K, committed 21504K, reserved 1114112K
  class space    used 2113K, committed 2496K, reserved 1048576K
}
Event: 16.592 GC heap after
{Heap after GC invocations=9 (full 1):
 PSYoungGen      total 24576K, used 0K [0x00000000eab00000, 0x00000000eca00000, 0x0000000100000000)
  eden space 19968K, 0% used [0x00000000eab00000,0x00000000eab00000,0x00000000ebe80000)
  from space 4608K, 0% used [0x00000000ec580000,0x00000000ec580000,0x00000000eca00000)
  to   space 5120K, 0% used [0x00000000ec000000,0x00000000ec000000,0x00000000ec500000)
 ParOldGen       total 68608K, used 17355K [0x00000000c0000000, 0x00000000c4300000, 0x00000000eab00000)
  object space 68608K, 25% used [0x00000000c0000000,0x00000000c10f2e20,0x00000000c4300000)
 Metaspace       used 20732K, committed 21504K, reserved 1114112K
  class space    used 2109K, committed 2496K, reserved 1048576K
}
Event: 16.701 GC heap before
{Heap before GC invocations=10 (full 1):
 PSYoungGen      total 24576K, used 19968K [0x00000000eab00000, 0x00000000eca00000, 0x0000000100000000)
  eden space 19968K, 100% used [0x00000000eab00000,0x00000000ebe80000,0x00000000ebe80000)
  from space 4608K, 0% used [0x00000000ec580000,0x00000000ec580000,0x00000000eca00000)
  to   space 5120K, 0% used [0x00000000ec000000,0x00000000ec000000,0x00000000ec500000)
 ParOldGen       total 68608K, used 17355K [0x00000000c0000000, 0x00000000c4300000, 0x00000000eab00000)
  object space 68608K, 25% used [0x00000000c0000000,0x00000000c10f2e20,0x00000000c4300000)
 Metaspace       used 22385K, committed 23232K, reserved 1114112K
  class space    used 2238K, committed 2624K, reserved 1048576K
}
Event: 16.702 GC heap after
{Heap after GC invocations=10 (full 1):
 PSYoungGen      total 20992K, used 609K [0x00000000eab00000, 0x00000000ec600000, 0x0000000100000000)
  eden space 19968K, 0% used [0x00000000eab00000,0x00000000eab00000,0x00000000ebe80000)
  from space 1024K, 59% used [0x00000000ec000000,0x00000000ec0984d0,0x00000000ec100000)
  to   space 2560K, 0% used [0x00000000ec380000,0x00000000ec380000,0x00000000ec600000)
 ParOldGen       total 68608K, used 17363K [0x00000000c0000000, 0x00000000c4300000, 0x00000000eab00000)
  object space 68608K, 25% used [0x00000000c0000000,0x00000000c10f4e20,0x00000000c4300000)
 Metaspace       used 22385K, committed 23232K, reserved 1114112K
  class space    used 2238K, committed 2624K, reserved 1048576K
}
Event: 16.838 GC heap before
{Heap before GC invocations=11 (full 1):
 PSYoungGen      total 20992K, used 20577K [0x00000000eab00000, 0x00000000ec600000, 0x0000000100000000)
  eden space 19968K, 100% used [0x00000000eab00000,0x00000000ebe80000,0x00000000ebe80000)
  from space 1024K, 59% used [0x00000000ec000000,0x00000000ec0984d0,0x00000000ec100000)
  to   space 2560K, 0% used [0x00000000ec380000,0x00000000ec380000,0x00000000ec600000)
 ParOldGen       total 68608K, used 17363K [0x00000000c0000000, 0x00000000c4300000, 0x00000000eab00000)
  object space 68608K, 25% used [0x00000000c0000000,0x00000000c10f4e20,0x00000000c4300000)
 Metaspace       used 25311K, committed 26112K, reserved 1114112K
  class space    used 2450K, committed 2816K, reserved 1048576K
}
Event: 16.839 GC heap after
{Heap after GC invocations=11 (full 1):
 PSYoungGen      total 22528K, used 2452K [0x00000000eab00000, 0x00000000ec600000, 0x0000000100000000)
  eden space 19968K, 0% used [0x00000000eab00000,0x00000000eab00000,0x00000000ebe80000)
  from space 2560K, 95% used [0x00000000ec380000,0x00000000ec5e5148,0x00000000ec600000)
  to   space 3072K, 0% used [0x00000000ec000000,0x00000000ec000000,0x00000000ec300000)
 ParOldGen       total 68608K, used 17669K [0x00000000c0000000, 0x00000000c4300000, 0x00000000eab00000)
  object space 68608K, 25% used [0x00000000c0000000,0x00000000c1141790,0x00000000c4300000)
 Metaspace       used 25311K, committed 26112K, reserved 1114112K
  class space    used 2450K, committed 2816K, reserved 1048576K
}
Event: 16.941 GC heap before
{Heap before GC invocations=12 (full 1):
 PSYoungGen      total 22528K, used 22420K [0x00000000eab00000, 0x00000000ec600000, 0x0000000100000000)
  eden space 19968K, 100% used [0x00000000eab00000,0x00000000ebe80000,0x00000000ebe80000)
  from space 2560K, 95% used [0x00000000ec380000,0x00000000ec5e5148,0x00000000ec600000)
  to   space 3072K, 0% used [0x00000000ec000000,0x00000000ec000000,0x00000000ec300000)
 ParOldGen       total 68608K, used 17669K [0x00000000c0000000, 0x00000000c4300000, 0x00000000eab00000)
  object space 68608K, 25% used [0x00000000c0000000,0x00000000c1141790,0x00000000c4300000)
 Metaspace       used 26656K, committed 27520K, reserved 1114112K
  class space    used 2554K, committed 2944K, reserved 1048576K
}
Event: 16.942 GC heap after
{Heap after GC invocations=12 (full 1):
 PSYoungGen      total 22528K, used 2219K [0x00000000eab00000, 0x00000000ec400000, 0x0000000100000000)
  eden space 19968K, 0% used [0x00000000eab00000,0x00000000eab00000,0x00000000ebe80000)
  from space 2560K, 86% used [0x00000000ec000000,0x00000000ec22acb0,0x00000000ec280000)
  to   space 1536K, 0% used [0x00000000ec280000,0x00000000ec280000,0x00000000ec400000)
 ParOldGen       total 68608K, used 18237K [0x00000000c0000000, 0x00000000c4300000, 0x00000000eab00000)
  object space 68608K, 26% used [0x00000000c0000000,0x00000000c11cf628,0x00000000c4300000)
 Metaspace       used 26656K, committed 27520K, reserved 1114112K
  class space    used 2554K, committed 2944K, reserved 1048576K
}
Event: 17.421 GC heap before
{Heap before GC invocations=13 (full 1):
 PSYoungGen      total 22528K, used 22187K [0x00000000eab00000, 0x00000000ec400000, 0x0000000100000000)
  eden space 19968K, 100% used [0x00000000eab00000,0x00000000ebe80000,0x00000000ebe80000)
  from space 2560K, 86% used [0x00000000ec000000,0x00000000ec22acb0,0x00000000ec280000)
  to   space 1536K, 0% used [0x00000000ec280000,0x00000000ec280000,0x00000000ec400000)
 ParOldGen       total 68608K, used 18237K [0x00000000c0000000, 0x00000000c4300000, 0x00000000eab00000)
  object space 68608K, 26% used [0x00000000c0000000,0x00000000c11cf628,0x00000000c4300000)
 Metaspace       used 28955K, committed 29824K, reserved 1114112K
  class space    used 2743K, committed 3136K, reserved 1048576K
}
Event: 17.424 GC heap after
{Heap after GC invocations=13 (full 1):
 PSYoungGen      total 21504K, used 1263K [0x00000000eab00000, 0x00000000ec400000, 0x0000000100000000)
  eden space 19968K, 0% used [0x00000000eab00000,0x00000000eab00000,0x00000000ebe80000)
  from space 1536K, 82% used [0x00000000ec280000,0x00000000ec3bbc00,0x00000000ec400000)
  to   space 2048K, 0% used [0x00000000ec000000,0x00000000ec000000,0x00000000ec200000)
 ParOldGen       total 68608K, used 20221K [0x00000000c0000000, 0x00000000c4300000, 0x00000000eab00000)
  object space 68608K, 29% used [0x00000000c0000000,0x00000000c13bf6a0,0x00000000c4300000)
 Metaspace       used 28955K, committed 29824K, reserved 1114112K
  class space    used 2743K, committed 3136K, reserved 1048576K
}
Event: 17.596 GC heap before
{Heap before GC invocations=14 (full 1):
 PSYoungGen      total 21504K, used 21230K [0x00000000eab00000, 0x00000000ec400000, 0x0000000100000000)
  eden space 19968K, 99% used [0x00000000eab00000,0x00000000ebe7fff0,0x00000000ebe80000)
  from space 1536K, 82% used [0x00000000ec280000,0x00000000ec3bbc00,0x00000000ec400000)
  to   space 2048K, 0% used [0x00000000ec000000,0x00000000ec000000,0x00000000ec200000)
 ParOldGen       total 68608K, used 20221K [0x00000000c0000000, 0x00000000c4300000, 0x00000000eab00000)
  object space 68608K, 29% used [0x00000000c0000000,0x00000000c13bf6a0,0x00000000c4300000)
 Metaspace       used 31596K, committed 32512K, reserved 1114112K
  class space    used 3058K, committed 3456K, reserved 1048576K
}
Event: 17.599 GC heap after
{Heap after GC invocations=14 (full 1):
 PSYoungGen      total 22016K, used 1690K [0x00000000eab00000, 0x00000000ec300000, 0x0000000100000000)
  eden space 19968K, 0% used [0x00000000eab00000,0x00000000eab00000,0x00000000ebe80000)
  from space 2048K, 82% used [0x00000000ec000000,0x00000000ec1a6888,0x00000000ec200000)
  to   space 1024K, 0% used [0x00000000ec200000,0x00000000ec200000,0x00000000ec300000)
 ParOldGen       total 68608K, used 21241K [0x00000000c0000000, 0x00000000c4300000, 0x00000000eab00000)
  object space 68608K, 30% used [0x00000000c0000000,0x00000000c14be7e0,0x00000000c4300000)
 Metaspace       used 31596K, committed 32512K, reserved 1114112K
  class space    used 3058K, committed 3456K, reserved 1048576K
}
Event: 17.718 GC heap before
{Heap before GC invocations=15 (full 1):
 PSYoungGen      total 22016K, used 21658K [0x00000000eab00000, 0x00000000ec300000, 0x0000000100000000)
  eden space 19968K, 100% used [0x00000000eab00000,0x00000000ebe80000,0x00000000ebe80000)
  from space 2048K, 82% used [0x00000000ec000000,0x00000000ec1a6888,0x00000000ec200000)
  to   space 1024K, 0% used [0x00000000ec200000,0x00000000ec200000,0x00000000ec300000)
 ParOldGen       total 68608K, used 21241K [0x00000000c0000000, 0x00000000c4300000, 0x00000000eab00000)
  object space 68608K, 30% used [0x00000000c0000000,0x00000000c14be7e0,0x00000000c4300000)
 Metaspace       used 34136K, committed 35136K, reserved 1114112K
  class space    used 3399K, committed 3840K, reserved 1048576K
}
Event: 17.721 GC heap after
{Heap after GC invocations=15 (full 1):
 PSYoungGen      total 20992K, used 1002K [0x00000000eab00000, 0x00000000ec480000, 0x0000000100000000)
  eden space 19968K, 0% used [0x00000000eab00000,0x00000000eab00000,0x00000000ebe80000)
  from space 1024K, 97% used [0x00000000ec200000,0x00000000ec2fa998,0x00000000ec300000)
  to   space 3072K, 0% used [0x00000000ebe80000,0x00000000ebe80000,0x00000000ec180000)
 ParOldGen       total 68608K, used 22703K [0x00000000c0000000, 0x00000000c4300000, 0x00000000eab00000)
  object space 68608K, 33% used [0x00000000c0000000,0x00000000c162bee0,0x00000000c4300000)
 Metaspace       used 34136K, committed 35136K, reserved 1114112K
  class space    used 3399K, committed 3840K, reserved 1048576K
}
Event: 17.770 GC heap before
{Heap before GC invocations=16 (full 1):
 PSYoungGen      total 20992K, used 8809K [0x00000000eab00000, 0x00000000ec480000, 0x0000000100000000)
  eden space 19968K, 39% used [0x00000000eab00000,0x00000000eb29fb98,0x00000000ebe80000)
  from space 1024K, 97% used [0x00000000ec200000,0x00000000ec2fa998,0x00000000ec300000)
  to   space 3072K, 0% used [0x00000000ebe80000,0x00000000ebe80000,0x00000000ec180000)
 ParOldGen       total 68608K, used 22703K [0x00000000c0000000, 0x00000000c4300000, 0x00000000eab00000)
  object space 68608K, 33% used [0x00000000c0000000,0x00000000c162bee0,0x00000000c4300000)
 Metaspace       used 34824K, committed 35840K, reserved 1114112K
  class space    used 3489K, committed 3904K, reserved 1048576K
}
Event: 17.771 GC heap after
{Heap after GC invocations=16 (full 1):
 PSYoungGen      total 21504K, used 1316K [0x00000000eab00000, 0x00000000ec280000, 0x0000000100000000)
  eden space 19968K, 0% used [0x00000000eab00000,0x00000000eab00000,0x00000000ebe80000)
  from space 1536K, 85% used [0x00000000ebe80000,0x00000000ebfc93a0,0x00000000ec000000)
  to   space 2048K, 0% used [0x00000000ec080000,0x00000000ec080000,0x00000000ec280000)
 ParOldGen       total 68608K, used 23586K [0x00000000c0000000, 0x00000000c4300000, 0x00000000eab00000)
  object space 68608K, 34% used [0x00000000c0000000,0x00000000c17088b8,0x00000000c4300000)
 Metaspace       used 34824K, committed 35840K, reserved 1114112K
  class space    used 3489K, committed 3904K, reserved 1048576K
}
Event: 17.771 GC heap before
{Heap before GC invocations=17 (full 2):
 PSYoungGen      total 21504K, used 1316K [0x00000000eab00000, 0x00000000ec280000, 0x0000000100000000)
  eden space 19968K, 0% used [0x00000000eab00000,0x00000000eab00000,0x00000000ebe80000)
  from space 1536K, 85% used [0x00000000ebe80000,0x00000000ebfc93a0,0x00000000ec000000)
  to   space 2048K, 0% used [0x00000000ec080000,0x00000000ec080000,0x00000000ec280000)
 ParOldGen       total 68608K, used 23586K [0x00000000c0000000, 0x00000000c4300000, 0x00000000eab00000)
  object space 68608K, 34% used [0x00000000c0000000,0x00000000c17088b8,0x00000000c4300000)
 Metaspace       used 34824K, committed 35840K, reserved 1114112K
  class space    used 3489K, committed 3904K, reserved 1048576K
}
Event: 17.802 GC heap after
{Heap after GC invocations=17 (full 2):
 PSYoungGen      total 21504K, used 0K [0x00000000eab00000, 0x00000000ec280000, 0x0000000100000000)
  eden space 19968K, 0% used [0x00000000eab00000,0x00000000eab00000,0x00000000ebe80000)
  from space 1536K, 0% used [0x00000000ebe80000,0x00000000ebe80000,0x00000000ec000000)
  to   space 2048K, 0% used [0x00000000ec080000,0x00000000ec080000,0x00000000ec280000)
 ParOldGen       total 68608K, used 23648K [0x00000000c0000000, 0x00000000c4300000, 0x00000000eab00000)
  object space 68608K, 34% used [0x00000000c0000000,0x00000000c1718398,0x00000000c4300000)
 Metaspace       used 34824K, committed 35840K, reserved 1114112K
  class space    used 3489K, committed 3904K, reserved 1048576K
}

